<?xml version="1.0" encoding="UTF-8"?>
<!-- Generated by org.testng.reporters.JUnitReportReporter -->
<testsuite hostname="LAPTOP-LV9OUMOI" failures="0" tests="1" name="clearQuoteTestClasses.VerifyDamageHeatmaps" time="12.591" errors="0" timestamp="2024-04-10T00:12:42 IST" skipped="0">
  <testcase classname="clearQuoteTestClasses.VerifyDamageHeatmaps" name="VerifyDamageHeatmapsByImageUpload" time="12.591"/>
  <system-out/>
</testsuite> <!-- clearQuoteTestClasses.VerifyDamageHeatmaps -->
